[debug] [2017-12-08T21:34:39.161Z] ----------------------------------------------------------------------
[debug] [2017-12-08T21:34:39.164Z] Command:       /usr/local/bin/node /usr/local/bin/firebase deploy
[debug] [2017-12-08T21:34:39.164Z] CLI Version:   3.16.0
[debug] [2017-12-08T21:34:39.164Z] Platform:      darwin
[debug] [2017-12-08T21:34:39.164Z] Node Version:  v9.2.0
[debug] [2017-12-08T21:34:39.165Z] Time:          Fri Dec 08 2017 13:34:39 GMT-0800 (PST)
[debug] [2017-12-08T21:34:39.165Z] ----------------------------------------------------------------------
[debug] 
[debug] [2017-12-08T21:34:39.195Z] > command requires scopes: ["email","openid","https://www.googleapis.com/auth/cloudplatformprojects.readonly","https://www.googleapis.com/auth/firebase","https://www.googleapis.com/auth/cloud-platform"]
[debug] [2017-12-08T21:34:39.196Z] > authorizing via signed-in user
[debug] [2017-12-08T21:34:39.198Z] >>> HTTP REQUEST GET https://admin.firebase.com/v1/projects/teamsnipelk  
  
 Fri Dec 08 2017 13:34:39 GMT-0800 (PST)
[debug] [2017-12-08T21:34:39.583Z] <<< HTTP RESPONSE 200
[debug] [2017-12-08T21:34:39.584Z] >>> HTTP REQUEST GET https://admin.firebase.com/v1/database/teamsnipelk/tokens  
  
 Fri Dec 08 2017 13:34:39 GMT-0800 (PST)
[debug] [2017-12-08T21:34:39.999Z] <<< HTTP RESPONSE 200
[info] 
[info] === Deploying to 'teamsnipelk'...
[info] 
[info] i  deploying database, storage, firestore, functions, hosting
[info] i  database: checking rules syntax...
[debug] [2017-12-08T21:34:40.379Z] >>> HTTP REQUEST PUT https://teamsnipelk.firebaseio.com/.settings/rules.json?dryRun=true  
 {
  "rules": {
    ".read": "auth != null",
    ".write": "auth != null"
  }
} 
 Fri Dec 08 2017 13:34:40 GMT-0800 (PST)
[debug] [2017-12-08T21:34:41.044Z] <<< HTTP RESPONSE 200
[info] ✔  database: rules syntax for database teamsnipelk is valid
[debug] [2017-12-08T21:34:41.048Z] >>> HTTP REQUEST GET https://appengine.googleapis.com/v1/apps/teamsnipelk  
  
 Fri Dec 08 2017 13:34:41 GMT-0800 (PST)
